TN:
SF:classes/Scooter.js
FN:4,(anonymous_0)
FN:13,(anonymous_1)
FN:26,(anonymous_2)
FN:31,(anonymous_3)
FN:33,(anonymous_4)
FN:38,(anonymous_5)
FN:40,(anonymous_6)
FNF:7
FNH:7
FNDA:18,(anonymous_0)
FNDA:4,(anonymous_1)
FNDA:1,(anonymous_2)
FNDA:1,(anonymous_3)
FNDA:1,(anonymous_4)
FNDA:1,(anonymous_5)
FNDA:1,(anonymous_6)
DA:2,2
DA:5,18
DA:6,18
DA:7,18
DA:8,18
DA:9,18
DA:10,18
DA:14,4
DA:15,3
DA:16,2
DA:17,2
DA:19,1
DA:22,1
DA:27,1
DA:28,1
DA:32,1
DA:33,1
DA:34,1
DA:35,1
DA:39,1
DA:40,1
DA:41,1
DA:42,1
DA:46,2
LF:24
LH:24
BRDA:14,0,0,3
BRDA:14,0,1,1
BRDA:15,1,0,2
BRDA:15,1,1,1
BRF:4
BRH:4
end_of_record
TN:
SF:classes/ScooterApp.js
FN:8,(anonymous_0)
FN:20,(anonymous_1)
FN:32,(anonymous_2)
FN:47,(anonymous_3)
FN:55,(anonymous_4)
FN:59,(anonymous_5)
FN:66,(anonymous_6)
FN:76,(anonymous_7)
FN:90,(anonymous_8)
FN:95,(anonymous_9)
FNF:10
FNH:9
FNDA:48,(anonymous_0)
FNDA:4,(anonymous_1)
FNDA:3,(anonymous_2)
FNDA:2,(anonymous_3)
FNDA:10,(anonymous_4)
FNDA:4,(anonymous_5)
FNDA:4,(anonymous_6)
FNDA:3,(anonymous_7)
FNDA:4,(anonymous_8)
FNDA:0,(anonymous_9)
DA:1,1
DA:2,1
DA:5,1
DA:6,1
DA:9,48
DA:10,1
DA:12,47
DA:13,1
DA:15,46
DA:16,46
DA:17,46
DA:21,4
DA:22,1
DA:24,3
DA:25,2
DA:26,2
DA:28,1
DA:33,3
DA:34,1
DA:37,2
DA:39,2
DA:40,1
DA:43,1
DA:44,1
DA:48,2
DA:49,1
DA:51,1
DA:56,10
DA:57,1
DA:59,9
DA:60,1
DA:62,8
DA:63,8
DA:67,4
DA:68,1
DA:71,3
DA:72,3
DA:74,3
DA:75,4
DA:76,4
DA:77,4
DA:78,2
DA:79,2
DA:83,3
DA:84,1
DA:87,2
DA:88,2
DA:89,2
DA:90,4
DA:92,2
DA:96,0
DA:97,0
DA:99,0
DA:100,0
DA:101,0
DA:106,1
LF:56
LH:51
BRDA:9,0,0,1
BRDA:9,0,1,47
BRDA:12,1,0,1
BRDA:12,1,1,46
BRDA:21,2,0,1
BRDA:21,2,1,3
BRDA:24,3,0,2
BRDA:24,3,1,1
BRDA:33,4,0,1
BRDA:33,4,1,2
BRDA:39,5,0,1
BRDA:39,5,1,1
BRDA:48,6,0,1
BRDA:48,6,1,1
BRDA:56,7,0,1
BRDA:56,7,1,9
BRDA:59,8,0,1
BRDA:59,8,1,8
BRDA:67,9,0,1
BRDA:67,9,1,3
BRDA:77,10,0,2
BRDA:77,10,1,2
BRDA:83,11,0,1
BRDA:83,11,1,2
BRF:24
BRH:24
end_of_record
TN:
SF:classes/User.js
FN:4,(anonymous_0)
FN:11,(anonymous_1)
FN:19,(anonymous_2)
FN:23,(anonymous_3)
FN:27,(anonymous_4)
FNF:5
FNH:4
FNDA:54,(anonymous_0)
FNDA:2,(anonymous_1)
FNDA:1,(anonymous_2)
FNDA:0,(anonymous_3)
FNDA:3,(anonymous_4)
DA:5,54
DA:6,54
DA:7,54
DA:8,54
DA:12,2
DA:13,1
DA:15,1
DA:20,1
DA:24,0
DA:28,3
DA:32,3
LF:11
LH:10
BRDA:12,0,0,1
BRDA:12,0,1,1
BRF:2
BRH:2
end_of_record
